2017-05-08T09:22:24.287Z - normal: Load ~/.CocosCreator/settings.json
2017-05-08T09:22:24.290Z - normal: checking language setting...
2017-05-08T09:22:24.290Z - normal: Language: zh
2017-05-08T09:22:24.319Z - success: protocol editor-framework registered
2017-05-08T09:22:24.319Z - success: protocol app registered
2017-05-08T09:22:24.319Z - success: protocol packages registered
2017-05-08T09:22:24.319Z - success: protocol theme registered
2017-05-08T09:22:24.320Z - success: protocol unpack registerred
2017-05-08T09:22:24.438Z - normal: connected!
2017-05-08T09:22:24.441Z - normal: Check project /Users/yamei/codes/cocos_space/firstgame
2017-05-08T09:22:24.443Z - normal: Initializing Cocos Creator Editor
2017-05-08T09:22:24.828Z - normal: Initializing Cocos2d
2017-05-08T09:22:24.968Z - normal: Initializing Asset Database
2017-05-08T09:22:24.987Z - success: protocol uuid registerred
2017-05-08T09:22:24.988Z - success: protocol db registerred
2017-05-08T09:22:24.988Z - success: protocol thumbnail registerred
2017-05-08T09:22:24.988Z - normal: Loading editor/builtin packages
2017-05-08T09:22:25.112Z - success: assets loaded
2017-05-08T09:22:25.116Z - success: builder loaded
2017-05-08T09:22:25.121Z - success: hierarchy loaded
2017-05-08T09:22:25.125Z - success: inspector loaded
2017-05-08T09:22:25.126Z - success: keystore loaded
2017-05-08T09:22:25.131Z - success: node-library loaded
2017-05-08T09:22:25.134Z - success: preferences loaded
2017-05-08T09:22:25.147Z - success: project-importer loaded
2017-05-08T09:22:25.151Z - success: project-settings loaded
2017-05-08T09:22:25.155Z - success: ui-kit loaded
2017-05-08T09:22:25.159Z - success: ui-grid loaded
2017-05-08T09:22:25.164Z - success: scene loaded
2017-05-08T09:22:25.165Z - success: sprite-editor loaded
2017-05-08T09:22:25.171Z - success: timeline loaded
2017-05-08T09:22:25.171Z - normal: Loading builtin packages
2017-05-08T09:22:25.175Z - success: asset-db-debugger loaded
2017-05-08T09:22:25.177Z - success: cocos-package loaded
2017-05-08T09:22:25.178Z - success: code-editor loaded
2017-05-08T09:22:25.179Z - success: color-picker loaded
2017-05-08T09:22:25.184Z - success: console loaded
2017-05-08T09:22:25.187Z - success: package-manager loaded
2017-05-08T09:22:25.190Z - success: tester loaded
2017-05-08T09:22:25.193Z - success: ui-kit-preview-extra loaded
2017-05-08T09:22:25.197Z - success: ui-kit-preview loaded
2017-05-08T09:22:25.200Z - success: ui-tree loaded
2017-05-08T09:22:25.225Z - normal: Initializing project /Users/yamei/codes/cocos_space/firstgame
2017-05-08T09:22:25.228Z - normal: Loading packages
2017-05-08T09:22:25.233Z - normal: Run Application
2017-05-08T09:22:25.619Z - success: preview server running at http://localhost:7456
2017-05-08T09:22:29.451Z - normal: 1.2.2
