2017-05-08T09:19:00.802Z - normal: Load ~/.CocosCreator/settings.json
2017-05-08T09:19:00.807Z - normal: checking language setting...
2017-05-08T09:19:00.807Z - normal: Language: zh
2017-05-08T09:19:00.835Z - success: protocol editor-framework registered
2017-05-08T09:19:00.835Z - success: protocol app registered
2017-05-08T09:19:00.835Z - success: protocol packages registered
2017-05-08T09:19:00.835Z - success: protocol theme registered
2017-05-08T09:19:00.836Z - success: protocol unpack registerred
2017-05-08T09:19:00.961Z - normal: connected!
2017-05-08T09:19:00.965Z - normal: Check project /Users/yamei/codes/cocos_space/firstgame_finish
2017-05-08T09:19:00.967Z - normal: Initializing Cocos Creator Editor
2017-05-08T09:19:01.457Z - normal: Initializing Cocos2d
2017-05-08T09:19:01.643Z - normal: Initializing Asset Database
2017-05-08T09:19:01.662Z - success: protocol uuid registerred
2017-05-08T09:19:01.662Z - success: protocol db registerred
2017-05-08T09:19:01.662Z - success: protocol thumbnail registerred
2017-05-08T09:19:01.663Z - normal: Loading editor/builtin packages
2017-05-08T09:19:01.839Z - success: assets loaded
2017-05-08T09:19:01.845Z - success: builder loaded
2017-05-08T09:19:01.852Z - success: hierarchy loaded
2017-05-08T09:19:01.859Z - success: inspector loaded
2017-05-08T09:19:01.861Z - success: keystore loaded
2017-05-08T09:19:01.866Z - success: node-library loaded
2017-05-08T09:19:01.871Z - success: preferences loaded
2017-05-08T09:19:01.888Z - success: project-importer loaded
2017-05-08T09:19:01.893Z - success: project-settings loaded
2017-05-08T09:19:01.902Z - success: ui-kit loaded
2017-05-08T09:19:01.909Z - success: ui-grid loaded
2017-05-08T09:19:01.915Z - success: scene loaded
2017-05-08T09:19:01.917Z - success: sprite-editor loaded
2017-05-08T09:19:01.925Z - success: timeline loaded
2017-05-08T09:19:01.925Z - normal: Loading builtin packages
2017-05-08T09:19:01.931Z - success: asset-db-debugger loaded
2017-05-08T09:19:01.933Z - success: cocos-package loaded
2017-05-08T09:19:01.935Z - success: code-editor loaded
2017-05-08T09:19:01.936Z - success: color-picker loaded
2017-05-08T09:19:01.942Z - success: console loaded
2017-05-08T09:19:01.946Z - success: package-manager loaded
2017-05-08T09:19:01.951Z - success: tester loaded
2017-05-08T09:19:01.955Z - success: ui-kit-preview-extra loaded
2017-05-08T09:19:01.960Z - success: ui-kit-preview loaded
2017-05-08T09:19:01.965Z - success: ui-tree loaded
2017-05-08T09:19:02.000Z - normal: Initializing project /Users/yamei/codes/cocos_space/firstgame_finish
2017-05-08T09:19:02.008Z - normal: Loading packages
2017-05-08T09:19:02.015Z - normal: Run Application
2017-05-08T09:19:02.609Z - success: preview server running at http://localhost:7456
2017-05-08T09:19:06.172Z - normal: 1.2.2
